<?xml version="1.0" encoding="UTF-8"?>
<testsuites>
  <testsuite name="unit" tests="14" assertions="14" errors="0" failures="0" skipped="0" time="0.011445">
    <testcase name="test_TYPE_1_01_ConGetSet_NotNullAfterConstruction" class="TudublinTest\Type1_Construct_Get_Set_Test" classname="TudublinTest.Type1_Construct_Get_Set_Test" file="/Users/Computer/Documents/_____synch/0_ITB_teaching/_MODULE_s2_yr3_webFrame/02_assessment/2023/2_lab_test/2023-webf-sample-test_SOLUTION/tests/unit/Type1_Construct_Get_Set_Test.php" line="12" assertions="1" time="0.009911"/>
    <testcase name="test_TYPE_1_02_ConGetSet_ListNameCorrectAfterValidConstruction" class="TudublinTest\Type1_Construct_Get_Set_Test" classname="TudublinTest.Type1_Construct_Get_Set_Test" file="/Users/Computer/Documents/_____synch/0_ITB_teaching/_MODULE_s2_yr3_webFrame/02_assessment/2023/2_lab_test/2023-webf-sample-test_SOLUTION/tests/unit/Type1_Construct_Get_Set_Test.php" line="24" assertions="1" time="0.000416"/>
    <testcase name="test_TYPE_1_03_ConGetSet_ListNameCorrectAfterAnotherValidConstruction" class="TudublinTest\Type1_Construct_Get_Set_Test" classname="TudublinTest.Type1_Construct_Get_Set_Test" file="/Users/Computer/Documents/_____synch/0_ITB_teaching/_MODULE_s2_yr3_webFrame/02_assessment/2023/2_lab_test/2023-webf-sample-test_SOLUTION/tests/unit/Type1_Construct_Get_Set_Test.php" line="37" assertions="1" time="0.000111"/>
    <testcase name="test_TYPE_1_04_ConGetSet_DefaultArrayAfterConstruction" class="TudublinTest\Type1_Construct_Get_Set_Test" classname="TudublinTest.Type1_Construct_Get_Set_Test" file="/Users/Computer/Documents/_____synch/0_ITB_teaching/_MODULE_s2_yr3_webFrame/02_assessment/2023/2_lab_test/2023-webf-sample-test_SOLUTION/tests/unit/Type1_Construct_Get_Set_Test.php" line="51" assertions="1" time="0.000065"/>
    <testcase name="test_TYPE_1_05_ConGetSet_ThreeItemsAfterConstruction" class="TudublinTest\Type1_Construct_Get_Set_Test" classname="TudublinTest.Type1_Construct_Get_Set_Test" file="/Users/Computer/Documents/_____synch/0_ITB_teaching/_MODULE_s2_yr3_webFrame/02_assessment/2023/2_lab_test/2023-webf-sample-test_SOLUTION/tests/unit/Type1_Construct_Get_Set_Test.php" line="67" assertions="1" time="0.000067"/>
    <testcase name="test_TYPE_2_01_BasicOperations_ListEmptyAfterAllItemsRemoved" class="TudublinTest\Type2_Basic_Operations_Test" classname="TudublinTest.Type2_Basic_Operations_Test" file="/Users/Computer/Documents/_____synch/0_ITB_teaching/_MODULE_s2_yr3_webFrame/02_assessment/2023/2_lab_test/2023-webf-sample-test_SOLUTION/tests/unit/Type2_Basic_Operations_Test.php" line="14" assertions="1" time="0.000061"/>
    <testcase name="test_TYPE_2_02_BasicOperations_GetDefaultFirstItem" class="TudublinTest\Type2_Basic_Operations_Test" classname="TudublinTest.Type2_Basic_Operations_Test" file="/Users/Computer/Documents/_____synch/0_ITB_teaching/_MODULE_s2_yr3_webFrame/02_assessment/2023/2_lab_test/2023-webf-sample-test_SOLUTION/tests/unit/Type2_Basic_Operations_Test.php" line="28" assertions="1" time="0.000055"/>
    <testcase name="test_TYPE_3_01_Validation_LastErrorNoneAfterValidConstruction" class="TudublinTest\Type3_Validation_Test" classname="TudublinTest.Type3_Validation_Test" file="/Users/Computer/Documents/_____synch/0_ITB_teaching/_MODULE_s2_yr3_webFrame/02_assessment/2023/2_lab_test/2023-webf-sample-test_SOLUTION/tests/unit/Type3_Validation_Test.php" line="15" assertions="1" time="0.000063"/>
    <testcase name="test_TYPE_3_02_Validation_LastErrorEmptyStringAfterInValidConstruction" class="TudublinTest\Type3_Validation_Test" classname="TudublinTest.Type3_Validation_Test" file="/Users/Computer/Documents/_____synch/0_ITB_teaching/_MODULE_s2_yr3_webFrame/02_assessment/2023/2_lab_test/2023-webf-sample-test_SOLUTION/tests/unit/Type3_Validation_Test.php" line="29" assertions="1" time="0.000061"/>
    <testcase name="test_TYPE_3_03_Validation_LastErrorEmptyStringAfterEmptySetName" class="TudublinTest\Type3_Validation_Test" classname="TudublinTest.Type3_Validation_Test" file="/Users/Computer/Documents/_____synch/0_ITB_teaching/_MODULE_s2_yr3_webFrame/02_assessment/2023/2_lab_test/2023-webf-sample-test_SOLUTION/tests/unit/Type3_Validation_Test.php" line="42" assertions="1" time="0.000055"/>
    <testcase name="test_TYPE_3_04_Validation_FalseWhenSubmitEmptyName" class="TudublinTest\Type3_Validation_Test" classname="TudublinTest.Type3_Validation_Test" file="/Users/Computer/Documents/_____synch/0_ITB_teaching/_MODULE_s2_yr3_webFrame/02_assessment/2023/2_lab_test/2023-webf-sample-test_SOLUTION/tests/unit/Type3_Validation_Test.php" line="57" assertions="1" time="0.000218"/>
    <testcase name="test_TYPE_3_05_Validation_EmptyItemNameLastErrorAfterAddToListWithEmptyString" class="TudublinTest\Type3_Validation_Test" classname="TudublinTest.Type3_Validation_Test" file="/Users/Computer/Documents/_____synch/0_ITB_teaching/_MODULE_s2_yr3_webFrame/02_assessment/2023/2_lab_test/2023-webf-sample-test_SOLUTION/tests/unit/Type3_Validation_Test.php" line="69" assertions="1" time="0.000058"/>
    <testcase name="test_TYPE_4_01_MainLogic_ItemAddedToListWhenValidItemName" class="TudublinTest\Type4_Main_Logic_Test" classname="TudublinTest.Type4_Main_Logic_Test" file="/Users/Computer/Documents/_____synch/0_ITB_teaching/_MODULE_s2_yr3_webFrame/02_assessment/2023/2_lab_test/2023-webf-sample-test_SOLUTION/tests/unit/Type4_Main_Logic_Test.php" line="16" assertions="1" time="0.000058"/>
    <testcase name="test_TYPE_4_02_MainLogic_Throws_Exception_from_getFirstItem_when_list_empty" class="TudublinTest\Type4_Main_Logic_Test" classname="TudublinTest.Type4_Main_Logic_Test" file="/Users/Computer/Documents/_____synch/0_ITB_teaching/_MODULE_s2_yr3_webFrame/02_assessment/2023/2_lab_test/2023-webf-sample-test_SOLUTION/tests/unit/Type4_Main_Logic_Test.php" line="33" assertions="1" time="0.000247"/>
  </testsuite>
</testsuites>
